<?xml version="1.0" encoding="UTF-8" standalone="no"?><testsuite errors="0" failures="1" name="Browse the catalog 5.1" skipped="1" tests="12" time="28.55" timestamp="2021-11-24 01:29:45"><testcase name="Colin reviews our range of products"/><testcase name="Colin reviews our range of products and fails"><failure message="&#10;Expecting a collection of the 'inventory_item_name' element that is of size: &lt;2&gt;&#10;But got....................................................................: &lt;&quot;a list with 6 elements containing [[[ChromeDriver: chrome on MAC (996de92614b7d64d8b50ec2c5f79d889)] -&gt; css selector: [id='inventory_item_name' i],[name='inventory_item_name' i],[data-test='inventory_item_name' i],.inventory_item_name], [[ChromeDriver: chrome on MAC (996de92614b7d64d8b50ec2c5f79d889)] -&gt; css selector: [id='inventory_item_name' i],[name='inventory_item_name' i],[data-test='inventory_item_name' i],.inventory_item_name], [[ChromeDriver: chrome on MAC (996de92614b7d64d8b50ec2c5f79d889)] -&gt; css selector: [id='inventory_item_name' i],[name='inventory_item_name' i],[data-test='inventory_item_name' i],.inventory_item_name], [[ChromeDriver: chrome on MAC (996de92614b7d64d8b50ec2c5f79d889)] -&gt; css selector: [id='inventory_item_name' i],[name='inventory_item_name' i],[data-test='inventory_item_name' i],.inventory_item_name], [[ChromeDriver: chrome on MAC (996de92614b7d64d8b50ec2c5f79d889)] -&gt; css selector: [id='inventory_item_name' i],[name='inventory_item_name' i],[data-test='inventory_item_name' i],.inventory_item_name], [[ChromeDriver: chrome on MAC (996de92614b7d64d8b50ec2c5f79d889)] -&gt; css selector: [id='inventory_item_name' i],[name='inventory_item_name' i],[data-test='inventory_item_name' i],.inventory_item_name]]&quot;&gt;" type="java.lang.AssertionError">
Expecting a collection of the 'inventory_item_name' element that is of size: &lt;2&gt;
But got....................................................................: &lt;"a list with 6 elements containing [[[ChromeDriver: chrome on MAC (996de92614b7d64d8b50ec2c5f79d889)] -&gt; css selector: [id='inventory_item_name' i],[name='inventory_item_name' i],[data-test='inventory_item_name' i],.inventory_item_name], [[ChromeDriver: chrome on MAC (996de92614b7d64d8b50ec2c5f79d889)] -&gt; css selector: [id='inventory_item_name' i],[name='inventory_item_name' i],[data-test='inventory_item_name' i],.inventory_item_name], [[ChromeDriver: chrome on MAC (996de92614b7d64d8b50ec2c5f79d889)] -&gt; css selector: [id='inventory_item_name' i],[name='inventory_item_name' i],[data-test='inventory_item_name' i],.inventory_item_name], [[ChromeDriver: chrome on MAC (996de92614b7d64d8b50ec2c5f79d889)] -&gt; css selector: [id='inventory_item_name' i],[name='inventory_item_name' i],[data-test='inventory_item_name' i],.inventory_item_name], [[ChromeDriver: chrome on MAC (996de92614b7d64d8b50ec2c5f79d889)] -&gt; css selector: [id='inventory_item_name' i],[name='inventory_item_name' i],[data-test='inventory_item_name' i],.inventory_item_name], [[ChromeDriver: chrome on MAC (996de92614b7d64d8b50ec2c5f79d889)] -&gt; css selector: [id='inventory_item_name' i],[name='inventory_item_name' i],[data-test='inventory_item_name' i],.inventory_item_name]]"&gt;</failure><system-err>
Expecting a collection of the 'inventory_item_name' element that is of size: &lt;2&gt;
But got....................................................................: &lt;"a list with 6 elements containing [[[ChromeDriver: chrome on MAC (996de92614b7d64d8b50ec2c5f79d889)] -&gt; css selector: [id='inventory_item_name' i],[name='inventory_item_name' i],[data-test='inventory_item_name' i],.inventory_item_name], [[ChromeDriver: chrome on MAC (996de92614b7d64d8b50ec2c5f79d889)] -&gt; css selector: [id='inventory_item_name' i],[name='inventory_item_name' i],[data-test='inventory_item_name' i],.inventory_item_name], [[ChromeDriver: chrome on MAC (996de92614b7d64d8b50ec2c5f79d889)] -&gt; css selector: [id='inventory_item_name' i],[name='inventory_item_name' i],[data-test='inventory_item_name' i],.inventory_item_name], [[ChromeDriver: chrome on MAC (996de92614b7d64d8b50ec2c5f79d889)] -&gt; css selector: [id='inventory_item_name' i],[name='inventory_item_name' i],[data-test='inventory_item_name' i],.inventory_item_name], [[ChromeDriver: chrome on MAC (996de92614b7d64d8b50ec2c5f79d889)] -&gt; css selector: [id='inventory_item_name' i],[name='inventory_item_name' i],[data-test='inventory_item_name' i],.inventory_item_name], [[ChromeDriver: chrome on MAC (996de92614b7d64d8b50ec2c5f79d889)] -&gt; css selector: [id='inventory_item_name' i],[name='inventory_item_name' i],[data-test='inventory_item_name' i],.inventory_item_name]]"&gt;
cucumber.starter@1.0.0-SNAPSHOT/swaglabs.stepdefinitions.CatalogStepDefinitions.shouldBePresentedWith(CatalogStepDefinitions.java:74)
io.cucumber.java.Invoker.doInvoke(Invoker.java:66)
io.cucumber.java.Invoker.invoke(Invoker.java:24)
io.cucumber.java.AbstractGlueDefinition.invokeMethod(AbstractGlueDefinition.java:47)
io.cucumber.java.JavaStepDefinition.execute(JavaStepDefinition.java:29)
io.cucumber.core.runner.CoreStepDefinition.execute(CoreStepDefinition.java:66)
io.cucumber.core.runner.PickleStepDefinitionMatch.runStep(PickleStepDefinitionMatch.java:63)
io.cucumber.core.runner.TestStep.executeStep(TestStep.java:92)
io.cucumber.core.runner.TestStep.run(TestStep.java:64)
io.cucumber.core.runner.PickleStepTestStep.run(PickleStepTestStep.java:51)
io.cucumber.core.runner.TestCase.run(TestCase.java:104)
io.cucumber.core.runner.Runner.runPickle(Runner.java:73)
io.cucumber.junit.FeatureRunner.runChild(FeatureRunner.java:135)
io.cucumber.junit.FeatureRunner.runChild(FeatureRunner.java:27)
io.cucumber.junit.CucumberSerenityRunner.runChild(CucumberSerenityRunner.java:259)
io.cucumber.junit.CucumberSerenityRunner.runChild(CucumberSerenityRunner.java:58)
</system-err></testcase><testcase name="Colin reviews our range of products by hand"><skipped/></testcase><testcase name="Colin views information about each product"/><testcase name="Colin views the details for specific products"/><testcase name="Sort products"/></testsuite>