<?xml version="1.0" encoding="UTF-8"?><testsuite errors="0" failures="0" name="Registering as a new Frequent Flyer" skipped="0" tests="8" time="252.13" timestamp="2021-11-13 11:03:39"><testcase name="Trevor registers as a Frequent Flyer member"/><testcase name="Someone tries to register with an email that is already used"/><testcase name="Only correctly structured emails should be accepted"/><testcase name="Email addresses need to be well formed"/><testcase name="Candy fails to enter to enter a mandatory field"/><testcase name="Candy forgets to agree to the Terms and Conditions"/></testsuite>