<?xml version="1.0" encoding="UTF-8"?><testsuite errors="0" failures="0" name="Earning Points" skipped="0" tests="24" time="273.25" timestamp="2021-11-13 11:03:39"><testcase name="Tracy goes from Standard to Bronze after she makes several trips"/><testcase name="Tracy asks her assistants to book flights for her"/><testcase name="Earning status levels from points earned for status level &lt;Status Level&gt;"/><testcase name="The region for &lt;City&gt; should be &lt;Region&gt;"/><testcase name="Stan books a single economy flight from London to Sydney"/><testcase name="Stan books a return economy flight from London to Sydney"/><testcase name="Flights within the &lt;Region&gt; region earn &lt;Points Earned&gt; points"/><testcase name="Travellers with &lt;Status&gt; level should earn &lt;Bonus&gt; bonus points"/><testcase name="Travellers travelling in &lt;Travel Class&gt; class should earn &lt;Bonus&gt; bonus points"/></testsuite>