<?xml version="1.0" encoding="UTF-8"?><testsuite errors="0" failures="0" name="net.serenitybdd.demos.todos.screenplay.features.maintain_my_todo_list.TodosBelongToAUser" skipped="0" tests="4" time="51.9" timestamp="2016-11-329 12:26:06"><testcase classname="net.serenitybdd.demos.todos.screenplay.features.maintain_my_todo_list.TodosBelongToAUser" name="Should certainly not affect todos belonging to another user"/><testcase classname="net.serenitybdd.demos.todos.screenplay.features.maintain_my_todo_list.TodosBelongToAUser" name="Should not affect todos belonging to another user even a little bit"/><testcase classname="net.serenitybdd.demos.todos.screenplay.features.maintain_my_todo_list.TodosBelongToAUser" name="Should not affect todos belonging to another user at all"/><testcase classname="net.serenitybdd.demos.todos.screenplay.features.maintain_my_todo_list.TodosBelongToAUser" name="Should not affect todos belonging to another user"/></testsuite>