<?xml version="1.0" encoding="UTF-8"?><testsuite errors="0" failures="0" name="net.serenitybdd.demos.todos.screenplay.features.maintain_my_todo_list.CompleteATodo" skipped="0" tests="4" time="27.03" timestamp="2016-11-329 12:24:27"><testcase classname="net.serenitybdd.demos.todos.screenplay.features.maintain_my_todo_list.CompleteATodo" name="Should see how many items remain"/><testcase classname="net.serenitybdd.demos.todos.screenplay.features.maintain_my_todo_list.CompleteATodo" name="Should see how many items are left"/><testcase classname="net.serenitybdd.demos.todos.screenplay.features.maintain_my_todo_list.CompleteATodo" name="Should be able to complete a todo"/><testcase classname="net.serenitybdd.demos.todos.screenplay.features.maintain_my_todo_list.CompleteATodo" name="Should see the number of todos decrease when an item is completed"/></testsuite>