<?xml version="1.0" encoding="UTF-8"?><testsuite errors="0" failures="0" name="net.serenitybdd.demos.todos.screenplay.features.accessing_the_application.LearnAboutTheApplication" skipped="0" tests="8" time="31.59" timestamp="2016-11-329 12:22:46"><testcase classname="net.serenitybdd.demos.todos.screenplay.features.accessing_the_application.LearnAboutTheApplication" name="Should see where to enter a task in screenplay"/><testcase classname="net.serenitybdd.demos.todos.screenplay.features.accessing_the_application.LearnAboutTheApplication" name="Should be intuitive"/><testcase classname="net.serenitybdd.demos.todos.screenplay.features.accessing_the_application.LearnAboutTheApplication" name="Should see how to begin in screenplay"/><testcase classname="net.serenitybdd.demos.todos.screenplay.features.accessing_the_application.LearnAboutTheApplication" name="Should be self documenting"/><testcase classname="net.serenitybdd.demos.todos.screenplay.features.accessing_the_application.LearnAboutTheApplication" name="Should not need a user manual"/><testcase classname="net.serenitybdd.demos.todos.screenplay.features.accessing_the_application.LearnAboutTheApplication" name="Should see how to use screenplay"/><testcase classname="net.serenitybdd.demos.todos.screenplay.features.accessing_the_application.LearnAboutTheApplication" name="Should be able to identify the application in screenplay"/><testcase classname="net.serenitybdd.demos.todos.screenplay.features.accessing_the_application.LearnAboutTheApplication" name="Should be easy to use"/></testsuite>