<?xml version="1.0" encoding="UTF-8"?><testsuite errors="0" failures="0" name="net.serenitybdd.demos.todos.screenplay.features.maintain_my_todo_list.FilteringTodos" skipped="0" tests="5" time="43.76" timestamp="2016-11-329 12:25:22"><testcase classname="net.serenitybdd.demos.todos.screenplay.features.maintain_my_todo_list.FilteringTodos" name="Should be able to view only not done todos"/><testcase classname="net.serenitybdd.demos.todos.screenplay.features.maintain_my_todo_list.FilteringTodos" name="Should be able to view only incomplete todos"/><testcase classname="net.serenitybdd.demos.todos.screenplay.features.maintain_my_todo_list.FilteringTodos" name="Should be able to view only completed todos"/><testcase classname="net.serenitybdd.demos.todos.screenplay.features.maintain_my_todo_list.FilteringTodos" name="Should be able to view both complete and incomplete todos"/><testcase classname="net.serenitybdd.demos.todos.screenplay.features.maintain_my_todo_list.FilteringTodos" name="Should be able to view only unfinished todos"/></testsuite>