<?xml version="1.0" encoding="UTF-8"?><testsuite errors="0" failures="0" name="net.serenitybdd.demos.todos.screenplay.features.completing_todos.ToggleAllTodos" skipped="0" tests="4" time="30.01" timestamp="2016-11-329 12:23:35"><testcase classname="net.serenitybdd.demos.todos.screenplay.features.completing_todos.ToggleAllTodos" name="Should see how many items todo when all are toggled to incomplete in screenplay"/><testcase classname="net.serenitybdd.demos.todos.screenplay.features.completing_todos.ToggleAllTodos" name="Should be able to toggle status of all todos in screenplay"/><testcase classname="net.serenitybdd.demos.todos.screenplay.features.completing_todos.ToggleAllTodos" name="Should see that there are zero items todo when all are toggled complete in screenplay"/><testcase classname="net.serenitybdd.demos.todos.screenplay.features.completing_todos.ToggleAllTodos" name="Should be able to quickly complete all todos in screenplay"/></testsuite>