<?xml version="1.0" encoding="UTF-8"?><testsuite errors="0" failures="0" name="net.serenitybdd.demos.todos.screenplay.features.maintain_my_todo_list.DeleteTodosIT" skipped="0" tests="4" time="27.22" timestamp="2016-11-329 12:24:54"><testcase classname="net.serenitybdd.demos.todos.screenplay.features.maintain_my_todo_list.DeleteTodosIT" name="Should see deleting a todo reduces the remaining items count"/><testcase classname="net.serenitybdd.demos.todos.screenplay.features.maintain_my_todo_list.DeleteTodosIT" name="Should be able to delete todos"/><testcase classname="net.serenitybdd.demos.todos.screenplay.features.maintain_my_todo_list.DeleteTodosIT" name="Should see deleting a todo decreases the remaining items count"/><testcase classname="net.serenitybdd.demos.todos.screenplay.features.maintain_my_todo_list.DeleteTodosIT" name="Should see deleting a todo make the remaining items count go down"/></testsuite>