<?xml version="1.0" encoding="UTF-8"?><testsuite errors="0" failures="0" name="Remember things to do" skipped="0" tests="6" time="75.69" timestamp="2016-11-329 12:33:41"><testcase name="Adding an extraitem to an empty list"/><testcase name="Adding an extraitem to a list with other items"/><testcase name="Adding an extra item to a list with even more items"/><testcase name="Adding an extra item to a list with a lot more items"/><testcase name="Adding an extra item to a list with heaps more items"/><testcase name="Adding extra items to several peoples lists"/></testsuite>