<?xml version="1.0" encoding="UTF-8"?><testsuite errors="0" failures="0" name="net.serenitybdd.demos.todos.screenplay.features.record_todos.AddNewTodos" skipped="0" tests="8" time="52.78" timestamp="2016-11-329 12:29:18"><testcase classname="net.serenitybdd.demos.todos.screenplay.features.record_todos.AddNewTodos" name="Should be able to add varied todo items"/><testcase classname="net.serenitybdd.demos.todos.screenplay.features.record_todos.AddNewTodos" name="Should be able to add more todo items"/><testcase classname="net.serenitybdd.demos.todos.screenplay.features.record_todos.AddNewTodos" name="Should be able to add different todo items"/><testcase classname="net.serenitybdd.demos.todos.screenplay.features.record_todos.AddNewTodos" name="Should be able to add multiple todo items"/><testcase classname="net.serenitybdd.demos.todos.screenplay.features.record_todos.AddNewTodos" name="Should be able to add the first todo item"/><testcase classname="net.serenitybdd.demos.todos.screenplay.features.record_todos.AddNewTodos" name="Should be able to add additional todo items"/><testcase classname="net.serenitybdd.demos.todos.screenplay.features.record_todos.AddNewTodos" name="Should be able to add many todo items"/><testcase classname="net.serenitybdd.demos.todos.screenplay.features.record_todos.AddNewTodos" name="Should be able to add many many todo items"/></testsuite>