<?xml version="1.0" encoding="UTF-8"?><testsuite errors="1" failures="0" name="Remember new things to do" skipped="0" tests="6" time="85.45" timestamp="2016-11-329 12:32:14"><testcase name="Adding an item to an empty list"/><testcase name="Adding an item to a list with other items"/><testcase name="Adding an item to a list with even more items"/><testcase name="Adding an item to a list with a lot more items"/><testcase name="Adding an item to a list with heaps more items"/><testcase name="Adding items to several peoples lists"><error message="no such element: Unable to locate element: {&quot;method&quot;:&quot;css selector&quot;,&quot;selector&quot;:&quot;#new-todo&quot;}&#10;  (Session info: chrome=54.0.2840.98)&#10;  (Driver info: chromedriver=2.24.417412 (ac882d3ce7c0d99292439bf3405780058fcca0a6),platform=Mac OS X 10.12.1 x86_64) (WARNING: The server did not provide any stacktrace information)&#10;Command duration or timeout: 2.05 seconds&#10;For documentation on this error, please visit: http://seleniumhq.org/exceptions/no_such_element.html&#10;Build info: version: '2.53.1', revision: 'a36b8b1cd5757287168e54b817830adce9b0158d', time: '2016-06-30 19:26:09'&#10;System info: host: 'Johns-MacBook-Pro-7.local', ip: '172.17.75.188', os.name: 'Mac OS X', os.arch: 'x86_64', os.version: '10.12.1', java.version: '1.8.0_74'&#10;Driver info: org.openqa.selenium.remote.RemoteWebDriver&#10;Capabilities [{applicationCacheEnabled=false, rotatable=false, mobileEmulationEnabled=false, networkConnectionEnabled=false, chrome={chromedriverVersion=2.24.417412 (ac882d3ce7c0d99292439bf3405780058fcca0a6), userDataDir=/var/folders/n6/hn81c_y52yz358j4hs6kzyj80000gn/T/.org.chromium.Chromium.jN4vzs}, takesHeapSnapshot=true, pageLoadStrategy=normal, databaseEnabled=false, handlesAlerts=true, hasTouchScreen=false, version=54.0.2840.98, platform=MAC, browserConnectionEnabled=false, nativeEvents=true, acceptSslCerts=true, locationContextEnabled=true, webStorageEnabled=true, browserName=chrome, takesScreenshot=true, javascriptEnabled=true, cssSelectorsEnabled=true}]&#10;Session ID: 01fa2e4ac2abb7f4456c9e6de4405400&#10;*** Element info: {Using=css selector, value=#new-todo}" type="org.openqa.selenium.NoSuchElementException">no such element: Unable to locate element: {"method":"css selector","selector":"#new-todo"}
  (Session info: chrome=54.0.2840.98)
  (Driver info: chromedriver=2.24.417412 (ac882d3ce7c0d99292439bf3405780058fcca0a6),platform=Mac OS X 10.12.1 x86_64) (WARNING: The server did not provide any stacktrace information)
Command duration or timeout: 2.05 seconds
For documentation on this error, please visit: http://seleniumhq.org/exceptions/no_such_element.html
Build info: version: '2.53.1', revision: 'a36b8b1cd5757287168e54b817830adce9b0158d', time: '2016-06-30 19:26:09'
System info: host: 'Johns-MacBook-Pro-7.local', ip: '172.17.75.188', os.name: 'Mac OS X', os.arch: 'x86_64', os.version: '10.12.1', java.version: '1.8.0_74'
Driver info: org.openqa.selenium.remote.RemoteWebDriver
Capabilities [{applicationCacheEnabled=false, rotatable=false, mobileEmulationEnabled=false, networkConnectionEnabled=false, chrome={chromedriverVersion=2.24.417412 (ac882d3ce7c0d99292439bf3405780058fcca0a6), userDataDir=/var/folders/n6/hn81c_y52yz358j4hs6kzyj80000gn/T/.org.chromium.Chromium.jN4vzs}, takesHeapSnapshot=true, pageLoadStrategy=normal, databaseEnabled=false, handlesAlerts=true, hasTouchScreen=false, version=54.0.2840.98, platform=MAC, browserConnectionEnabled=false, nativeEvents=true, acceptSslCerts=true, locationContextEnabled=true, webStorageEnabled=true, browserName=chrome, takesScreenshot=true, javascriptEnabled=true, cssSelectorsEnabled=true}]
Session ID: 01fa2e4ac2abb7f4456c9e6de4405400
*** Element info: {Using=css selector, value=#new-todo}</error><system-err>no such element: Unable to locate element: {"method":"css selector","selector":"#new-todo"}
  (Session info: chrome=54.0.2840.98)
  (Driver info: chromedriver=2.24.417412 (ac882d3ce7c0d99292439bf3405780058fcca0a6),platform=Mac OS X 10.12.1 x86_64) (WARNING: The server did not provide any stacktrace information)
Command duration or timeout: 2.05 seconds
For documentation on this error, please visit: http://seleniumhq.org/exceptions/no_such_element.html
Build info: version: '2.53.1', revision: 'a36b8b1cd5757287168e54b817830adce9b0158d', time: '2016-06-30 19:26:09'
System info: host: 'Johns-MacBook-Pro-7.local', ip: '172.17.75.188', os.name: 'Mac OS X', os.arch: 'x86_64', os.version: '10.12.1', java.version: '1.8.0_74'
Driver info: org.openqa.selenium.remote.RemoteWebDriver
Capabilities [{applicationCacheEnabled=false, rotatable=false, mobileEmulationEnabled=false, networkConnectionEnabled=false, chrome={chromedriverVersion=2.24.417412 (ac882d3ce7c0d99292439bf3405780058fcca0a6), userDataDir=/var/folders/n6/hn81c_y52yz358j4hs6kzyj80000gn/T/.org.chromium.Chromium.jN4vzs}, takesHeapSnapshot=true, pageLoadStrategy=normal, databaseEnabled=false, handlesAlerts=true, hasTouchScreen=false, version=54.0.2840.98, platform=MAC, browserConnectionEnabled=false, nativeEvents=true, acceptSslCerts=true, locationContextEnabled=true, webStorageEnabled=true, browserName=chrome, takesScreenshot=true, javascriptEnabled=true, cssSelectorsEnabled=true}]
Session ID: 01fa2e4ac2abb7f4456c9e6de4405400
*** Element info: {Using=css selector, value=#new-todo}
net.serenitybdd.demos.todos.screenplay.tasks.AddATodoItem.performAs(AddATodoItem.java:18)
net.serenitybdd.demos.todos.screenplay.tasks.AddTodoItems.lambda$performAs$0(AddTodoItems.java:21)
net.serenitybdd.demos.todos.screenplay.tasks.AddTodoItems.performAs(AddTodoItems.java:20)
net.serenitybdd.demos.todos.screenplay.tasks.Start.performAs(Start.java:27)
net.serenitybdd.demos.todos.cucumber.steps.TodoUserSteps.that_James_has_an_empty_todo_list(TodoUserSteps.java:38)
</system-err></testcase></testsuite>