<?xml version="1.0" encoding="UTF-8"?><testsuite errors="0" failures="0" name="net.serenitybdd.demos.todos.screenplay.features.maintain_my_todo_list.ClearCompletedTodos" skipped="0" tests="3" time="21.19" timestamp="2016-11-329 12:24:05"><testcase classname="net.serenitybdd.demos.todos.screenplay.features.maintain_my_todo_list.ClearCompletedTodos" name="Should be able to remove completed todos in screenplay"/><testcase classname="net.serenitybdd.demos.todos.screenplay.features.maintain_my_todo_list.ClearCompletedTodos" name="Should be able to clear completed todos in screenplay"/><testcase classname="net.serenitybdd.demos.todos.screenplay.features.maintain_my_todo_list.ClearCompletedTodos" name="Should not be able to clear completed todos if none are complete in screenplay"/></testsuite>