<?xml version="1.0" encoding="UTF-8"?><testsuite errors="0" failures="0" name="net.serenitybdd.demos.todos.screenplay.features.completing_todos.CompleteATodo" skipped="0" tests="2" time="15.49" timestamp="2016-11-329 12:23:19"><testcase classname="net.serenitybdd.demos.todos.screenplay.features.completing_todos.CompleteATodo" name="Should see the number of todos decrease when an item is completed"/><testcase classname="net.serenitybdd.demos.todos.screenplay.features.completing_todos.CompleteATodo" name="Should be able to complete a todo in screenplay"/></testsuite>